<?xml version="1.0" encoding="UTF-8"?>
<testng-results skipped="0" failed="0" ignored="0" total="2" passed="2">
  <reporter-output>
  </reporter-output>
  <suite name="Suite" duration-ms="167686" started-at="2019-10-15T10:55:03Z" finished-at="2019-10-15T10:57:51Z">
    <groups>
    </groups>
    <test name="Test" duration-ms="167686" started-at="2019-10-15T10:55:03Z" finished-at="2019-10-15T10:57:51Z">
      <class name="com.androidframework.SetTimer">
        <test-method status="PASS" signature="desiredcap()[pri:0, instance:com.androidframework.SetTimer@71623278]" name="desiredcap" is-config="true" duration-ms="26841" started-at="2019-10-15T10:57:02Z" finished-at="2019-10-15T10:57:29Z">
          <reporter-output>
          </reporter-output>
        </test-method> <!-- desiredcap -->
        <test-method status="PASS" signature="timer()[pri:0, instance:com.androidframework.SetTimer@71623278]" name="timer" duration-ms="21913" started-at="2019-10-15T10:57:29Z" finished-at="2019-10-15T10:57:51Z">
          <reporter-output>
          </reporter-output>
        </test-method> <!-- timer -->
      </class> <!-- com.androidframework.SetTimer -->
      <class name="com.androidframework.SetAlarm">
        <test-method status="PASS" signature="desiredcap()[pri:0, instance:com.androidframework.SetAlarm@44a3ec6b]" name="desiredcap" is-config="true" duration-ms="43188" started-at="2019-10-15T10:55:04Z" finished-at="2019-10-15T10:55:47Z">
          <reporter-output>
          </reporter-output>
        </test-method> <!-- desiredcap -->
        <test-method status="PASS" signature="alarm()[pri:0, instance:com.androidframework.SetAlarm@44a3ec6b]" name="alarm" duration-ms="65856" started-at="2019-10-15T10:55:47Z" finished-at="2019-10-15T10:56:53Z">
          <reporter-output>
          </reporter-output>
        </test-method> <!-- alarm -->
      </class> <!-- com.androidframework.SetAlarm -->
    </test> <!-- Test -->
  </suite> <!-- Suite -->
</testng-results>
